\BOOKMARK [1][-]{section.1}{\376\377\000I\000n\000t\000r\000o\000d\000u\000c\000t\000i\000o\000n}{}% 1
\BOOKMARK [1][-]{section.2}{\376\377\000T\000h\000e\000\040\000S\000u\000b\000s\000t\000r\000a\000t\000e\000\040\000a\000n\000d\000\040\000t\000h\000e\000\040\000K\000n\000o\000t}{}% 2
\BOOKMARK [2][-]{subsection.2.1}{\376\377\000T\000h\000e\000\040\000H\000i\000g\000h\000-\000D\000i\000m\000e\000n\000s\000i\000o\000n\000a\000l\000\040\000S\000u\000b\000s\000t\000r\000a\000t\000e}{section.2}% 3
\BOOKMARK [2][-]{subsection.2.2}{\376\377\000S\000y\000m\000m\000e\000t\000r\000y\000-\000B\000r\000e\000a\000k\000i\000n\000g\000\040\000a\000s\000\040\000S\000t\000r\000u\000c\000t\000u\000r\000e\000\040\000G\000e\000n\000e\000s\000i\000s}{section.2}% 4
\BOOKMARK [2][-]{subsection.2.3}{\376\377\000T\000h\000e\000\040\000S\000y\000m\000m\000e\000t\000r\000y\000-\000B\000r\000e\000a\000k\000i\000n\000g\000\040\000C\000a\000s\000c\000a\000d\000e}{section.2}% 5
\BOOKMARK [1][-]{section.3}{\376\377\000T\000i\000m\000e\000\040\000a\000s\000\040\000R\000e\000l\000a\000x\000a\000t\000i\000o\000n\000\040\000R\000a\000t\000e}{}% 6
\BOOKMARK [2][-]{subsection.3.1}{\376\377\000T\000h\000e\000\040\000F\000u\000n\000d\000a\000m\000e\000n\000t\000a\000l\000\040\000C\000l\000a\000i\000m}{section.3}% 7
\BOOKMARK [2][-]{subsection.3.2}{\376\377\000T\000h\000e\000\040\000A\000r\000r\000o\000w\000\040\000o\000f\000\040\000T\000i\000m\000e}{section.3}% 8
\BOOKMARK [2][-]{subsection.3.3}{\376\377\000S\000l\000o\000w\000-\000F\000a\000s\000t\000-\000S\000l\000o\000w\000\040\000D\000y\000n\000a\000m\000i\000c\000s}{section.3}% 9
\BOOKMARK [2][-]{subsection.3.4}{\376\377\000C\000o\000n\000s\000t\000r\000a\000i\000n\000t\000\040\000R\000e\000l\000e\000a\000s\000e\000\040\000a\000n\000d\000\040\000K\000n\000o\000t\000\040\000E\000n\000e\000r\000g\000y}{section.3}% 10
\BOOKMARK [1][-]{section.4}{\376\377\000D\000a\000r\000k\000\040\000E\000n\000e\000r\000g\000y\000\040\000a\000s\000\040\000R\000e\000l\000a\000x\000a\000t\000i\000o\000n\000\040\000P\000r\000e\000s\000s\000u\000r\000e}{}% 11
\BOOKMARK [2][-]{subsection.4.1}{\376\377\000T\000h\000e\000\040\000S\000t\000a\000n\000d\000a\000r\000d\000\040\000P\000u\000z\000z\000l\000e}{section.4}% 12
\BOOKMARK [2][-]{subsection.4.2}{\376\377\000R\000e\000l\000a\000x\000a\000t\000i\000o\000n\000\040\000R\000e\000f\000r\000a\000m\000i\000n\000g}{section.4}% 13
\BOOKMARK [2][-]{subsection.4.3}{\376\377\000I\000n\000f\000l\000a\000t\000i\000o\000n\000\040\000a\000s\000\040\000I\000n\000i\000t\000i\000a\000l\000\040\000C\000o\000n\000s\000t\000r\000a\000i\000n\000t\000\040\000R\000e\000l\000e\000a\000s\000e}{section.4}% 14
\BOOKMARK [1][-]{section.5}{\376\377\000M\000a\000t\000h\000e\000m\000a\000t\000i\000c\000s\000\040\000a\000s\000\040\000K\000n\000o\000t\000\040\000S\000t\000r\000u\000c\000t\000u\000r\000e}{}% 15
\BOOKMARK [2][-]{subsection.5.1}{\376\377\000T\000h\000e\000\040\000W\000i\000g\000n\000e\000r\000\040\000P\000u\000z\000z\000l\000e}{section.5}% 16
\BOOKMARK [2][-]{subsection.5.2}{\376\377\000T\000h\000e\000\040\000D\000i\000s\000s\000o\000l\000u\000t\000i\000o\000n}{section.5}% 17
\BOOKMARK [2][-]{subsection.5.3}{\376\377\000C\000o\000n\000t\000i\000n\000g\000e\000n\000c\000y\000\040\000o\000f\000\040\000M\000a\000t\000h\000e\000m\000a\000t\000i\000c\000s}{section.5}% 18
\BOOKMARK [2][-]{subsection.5.4}{\376\377\000M\000a\000t\000h\000e\000m\000a\000t\000i\000c\000a\000l\000\040\000O\000b\000j\000e\000c\000t\000s\000\040\000a\000s\000\040\000C\000o\000n\000s\000t\000r\000a\000i\000n\000t\000\040\000A\000t\000t\000r\000a\000c\000t\000o\000r\000s}{section.5}% 19
\BOOKMARK [1][-]{section.6}{\376\377\000M\000e\000t\000a\000p\000h\000y\000s\000i\000c\000s\000\040\000a\000s\000\040\000K\000n\000o\000t\000\040\000T\000o\000p\000o\000l\000o\000g\000y}{}% 20
\BOOKMARK [2][-]{subsection.6.1}{\376\377\000C\000a\000u\000s\000a\000t\000i\000o\000n}{section.6}% 21
\BOOKMARK [2][-]{subsection.6.2}{\376\377\000I\000d\000e\000n\000t\000i\000t\000y}{section.6}% 22
\BOOKMARK [2][-]{subsection.6.3}{\376\377\000M\000o\000d\000a\000l\000i\000t\000y}{section.6}% 23
\BOOKMARK [1][-]{section.7}{\376\377\000C\000o\000n\000n\000e\000c\000t\000i\000o\000n\000\040\000t\000o\000\040\000I\000n\000f\000o\000d\000y\000n\000a\000m\000i\000c\000s}{}% 24
\BOOKMARK [2][-]{subsection.7.1}{\376\377\000V\000o\000p\000s\000o\000n\000'\000s\000\040\000F\000r\000a\000m\000e\000w\000o\000r\000k}{section.7}% 25
\BOOKMARK [2][-]{subsection.7.2}{\376\377\000G\000e\000o\000m\000e\000t\000r\000i\000c\000\040\000R\000e\000i\000n\000t\000e\000r\000p\000r\000e\000t\000a\000t\000i\000o\000n}{section.7}% 26
\BOOKMARK [2][-]{subsection.7.3}{\376\377\000I\000n\000f\000o\000r\000m\000a\000t\000i\000o\000n\000\040\000A\000c\000c\000u\000m\000u\000l\000a\000t\000i\000o\000n\000\040\000a\000s\000\040\000R\000e\000l\000a\000x\000a\000t\000i\000o\000n\000\040\000T\000r\000a\000c\000k\000i\000n\000g}{section.7}% 27
\BOOKMARK [2][-]{subsection.7.4}{\376\377\000T\000h\000e\000\040\000M\000a\000s\000s\000-\000E\000n\000e\000r\000g\000y\000-\000I\000n\000f\000o\000r\000m\000a\000t\000i\000o\000n\000\040\000E\000q\000u\000i\000v\000a\000l\000e\000n\000c\000e}{section.7}% 28
\BOOKMARK [1][-]{section.8}{\376\377\000T\000o\000w\000a\000r\000d\000\040\000E\000i\000n\000s\000t\000e\000i\000n\000'\000s\000\040\000E\000q\000u\000a\000t\000i\000o\000n\000s}{}% 29
\BOOKMARK [1][-]{section.9}{\376\377\000D\000i\000s\000c\000u\000s\000s\000i\000o\000n}{}% 30
\BOOKMARK [2][-]{subsection.9.1}{\376\377\000T\000e\000s\000t\000a\000b\000l\000e\000\040\000I\000m\000p\000l\000i\000c\000a\000t\000i\000o\000n\000s}{section.9}% 31
\BOOKMARK [2][-]{subsection.9.2}{\376\377\000R\000e\000l\000a\000t\000i\000o\000n\000s\000h\000i\000p\000\040\000t\000o\000\040\000O\000t\000h\000e\000r\000\040\000A\000p\000p\000r\000o\000a\000c\000h\000e\000s}{section.9}% 32
\BOOKMARK [2][-]{subsection.9.3}{\376\377\000L\000i\000m\000i\000t\000a\000t\000i\000o\000n\000s\000\040\000a\000n\000d\000\040\000F\000a\000l\000s\000i\000f\000i\000a\000b\000i\000l\000i\000t\000y}{section.9}% 33
\BOOKMARK [2][-]{subsection.9.4}{\376\377\000W\000h\000a\000t\000\040\000W\000o\000u\000l\000d\000\040\000a\000\040\000D\000i\000f\000f\000e\000r\000e\000n\000t\000\040\000K\000n\000o\000t\000\040\000L\000o\000o\000k\000\040\000L\000i\000k\000e\000?}{section.9}% 34
\BOOKMARK [1][-]{section.10}{\376\377\000C\000o\000n\000c\000l\000u\000s\000i\000o\000n}{}% 35
